<?xml version="1.0" encoding="UTF-8"?>
<!-- Generated by org.testng.reporters.JUnitXMLReporter -->
<testsuite ignored="6" hostname="DESKTOP-6D90C8O" failures="0" tests="3" name="Default test" time="3.781" errors="0" timestamp="2025-04-07T21:07:08 GST">
  <testcase classname="standarduser.fifthsessiondemo" name="Login" time="0.657"/>
  <testcase classname="standarduser.fifthsessiondemo" name="addrandomitem" time="0.452"/>
  <testcase classname="standarduser.fifthsessiondemo" name="checkoutitems" time="1.935"/>
  <testcase classname="standarduser.fifthsessiondemo" name="AddToCartItemskipnothree" time="0.0">
    <ignored/>
  </testcase> <!-- AddToCartItemskipnothree -->
  <testcase classname="standarduser.fifthsessiondemo" name="AddToCartItemsname" time="0.0">
    <ignored/>
  </testcase> <!-- AddToCartItemsname -->
  <testcase classname="standarduser.fifthsessiondemo" name="AddToCartItemskipnoneandthree" time="0.0">
    <ignored/>
  </testcase> <!-- AddToCartItemskipnoneandthree -->
  <testcase classname="standarduser.fifthsessiondemo" name="skipToCartItemsbynamesauce" time="0.0">
    <ignored/>
  </testcase> <!-- skipToCartItemsbynamesauce -->
  <testcase classname="standarduser.fifthsessiondemo" name="AddToCartItemfirsttwoonly" time="0.0">
    <ignored/>
  </testcase> <!-- AddToCartItemfirsttwoonly -->
  <testcase classname="standarduser.fifthsessiondemo" name="AddToCartItemsbynamesauce" time="0.0">
    <ignored/>
  </testcase> <!-- AddToCartItemsbynamesauce -->
</testsuite> <!-- Default test -->
